<?xml version="1.0" encoding="UTF-8"?>
<coverage generated="1707057889164" clover="3.2.0">
  <project timestamp="1707057889164" name="All files">
    <metrics statements="71" coveredstatements="59" conditionals="34" coveredconditionals="32" methods="16" coveredmethods="16" elements="121" coveredelements="107" complexity="0" loc="71" ncloc="71" packages="1" files="1" classes="1"/>
    <file name="index.js" path="/home/lenovo/web-dev-root/github/vowelz/src/index.js">
      <metrics statements="71" coveredstatements="59" conditionals="34" coveredconditionals="32" methods="16" coveredmethods="16"/>
      <line num="4" count="64" type="cond" truecount="2" falsecount="0"/>
      <line num="5" count="10" type="stmt"/>
      <line num="7" count="54" type="stmt"/>
      <line num="12" count="11" type="stmt"/>
      <line num="13" count="11" type="cond" truecount="2" falsecount="0"/>
      <line num="14" count="2" type="stmt"/>
      <line num="15" count="0" type="stmt"/>
      <line num="18" count="9" type="stmt"/>
      <line num="25" count="19" type="cond" truecount="1" falsecount="1"/>
      <line num="30" count="5" type="stmt"/>
      <line num="31" count="5" type="cond" truecount="1" falsecount="1"/>
      <line num="32" count="0" type="stmt"/>
      <line num="33" count="0" type="stmt"/>
      <line num="35" count="5" type="cond" truecount="4" falsecount="0"/>
      <line num="36" count="1" type="stmt"/>
      <line num="37" count="0" type="stmt"/>
      <line num="40" count="4" type="stmt"/>
      <line num="46" count="5" type="stmt"/>
      <line num="47" count="5" type="cond" truecount="2" falsecount="0"/>
      <line num="48" count="1" type="stmt"/>
      <line num="49" count="0" type="stmt"/>
      <line num="52" count="4" type="stmt"/>
      <line num="53" count="4" type="stmt"/>
      <line num="55" count="4" type="stmt"/>
      <line num="56" count="20" type="stmt"/>
      <line num="57" count="20" type="stmt"/>
      <line num="58" count="20" type="cond" truecount="2" falsecount="0"/>
      <line num="61" count="4" type="stmt"/>
      <line num="66" count="5" type="stmt"/>
      <line num="67" count="5" type="cond" truecount="2" falsecount="0"/>
      <line num="68" count="1" type="stmt"/>
      <line num="69" count="0" type="stmt"/>
      <line num="72" count="4" type="stmt"/>
      <line num="73" count="13" type="stmt"/>
      <line num="79" count="5" type="stmt"/>
      <line num="80" count="5" type="cond" truecount="2" falsecount="0"/>
      <line num="81" count="1" type="stmt"/>
      <line num="82" count="0" type="stmt"/>
      <line num="85" count="4" type="stmt"/>
      <line num="86" count="13" type="stmt"/>
      <line num="92" count="7" type="stmt"/>
      <line num="93" count="7" type="cond" truecount="2" falsecount="0"/>
      <line num="94" count="1" type="stmt"/>
      <line num="95" count="0" type="stmt"/>
      <line num="98" count="6" type="stmt"/>
      <line num="99" count="6" type="cond" truecount="2" falsecount="0"/>
      <line num="104" count="7" type="stmt"/>
      <line num="105" count="7" type="cond" truecount="2" falsecount="0"/>
      <line num="106" count="1" type="stmt"/>
      <line num="107" count="0" type="stmt"/>
      <line num="110" count="6" type="stmt"/>
      <line num="111" count="6" type="stmt"/>
      <line num="112" count="18" type="stmt"/>
      <line num="114" count="6" type="stmt"/>
      <line num="119" count="8" type="stmt"/>
      <line num="120" count="8" type="cond" truecount="2" falsecount="0"/>
      <line num="121" count="1" type="stmt"/>
      <line num="122" count="0" type="stmt"/>
      <line num="125" count="7" type="cond" truecount="2" falsecount="0"/>
      <line num="130" count="6" type="stmt"/>
      <line num="131" count="6" type="cond" truecount="2" falsecount="0"/>
      <line num="132" count="1" type="stmt"/>
      <line num="133" count="0" type="stmt"/>
      <line num="136" count="5" type="stmt"/>
      <line num="137" count="5" type="stmt"/>
      <line num="142" count="5" type="stmt"/>
      <line num="143" count="5" type="cond" truecount="2" falsecount="0"/>
      <line num="144" count="1" type="stmt"/>
      <line num="145" count="0" type="stmt"/>
      <line num="148" count="4" type="stmt"/>
      <line num="151" count="11" type="stmt"/>
    </file>
  </project>
</coverage>
