{"/home/lenovo/web-dev-root/github/vowelz/src/index.js": {"path":"/home/lenovo/web-dev-root/github/vowelz/src/index.js","statementMap":{"0":{"start":{"line":4,"column":4},"end":{"line":6,"column":5}},"1":{"start":{"line":5,"column":6},"end":{"line":5,"column":19}},"2":{"start":{"line":7,"column":4},"end":{"line":7,"column":16}},"3":{"start":{"line":12,"column":16},"end":{"line":12,"column":20}},"4":{"start":{"line":13,"column":4},"end":{"line":16,"column":5}},"5":{"start":{"line":14,"column":6},"end":{"line":14,"column":81}},"6":{"start":{"line":15,"column":6},"end":{"line":15,"column":13}},"7":{"start":{"line":18,"column":26},"end":{"line":24,"column":5}},"8":{"start":{"line":25,"column":4},"end":{"line":25,"column":90}},"9":{"start":{"line":25,"column":45},"end":{"line":25,"column":88}},"10":{"start":{"line":30,"column":16},"end":{"line":30,"column":20}},"11":{"start":{"line":31,"column":4},"end":{"line":41,"column":5}},"12":{"start":{"line":32,"column":6},"end":{"line":32,"column":81}},"13":{"start":{"line":33,"column":6},"end":{"line":33,"column":13}},"14":{"start":{"line":35,"column":9},"end":{"line":41,"column":5}},"15":{"start":{"line":36,"column":6},"end":{"line":36,"column":70}},"16":{"start":{"line":37,"column":6},"end":{"line":37,"column":13}},"17":{"start":{"line":40,"column":6},"end":{"line":40,"column":49}},"18":{"start":{"line":46,"column":16},"end":{"line":46,"column":20}},"19":{"start":{"line":47,"column":4},"end":{"line":50,"column":5}},"20":{"start":{"line":48,"column":6},"end":{"line":48,"column":81}},"21":{"start":{"line":49,"column":6},"end":{"line":49,"column":13}},"22":{"start":{"line":52,"column":19},"end":{"line":52,"column":44}},"23":{"start":{"line":53,"column":24},"end":{"line":53,"column":26}},"24":{"start":{"line":55,"column":4},"end":{"line":59,"column":7}},"25":{"start":{"line":56,"column":20},"end":{"line":56,"column":43}},"26":{"start":{"line":57,"column":22},"end":{"line":57,"column":38}},"27":{"start":{"line":58,"column":6},"end":{"line":58,"column":56}},"28":{"start":{"line":61,"column":4},"end":{"line":61,"column":23}},"29":{"start":{"line":66,"column":16},"end":{"line":66,"column":20}},"30":{"start":{"line":67,"column":4},"end":{"line":70,"column":5}},"31":{"start":{"line":68,"column":6},"end":{"line":68,"column":81}},"32":{"start":{"line":69,"column":6},"end":{"line":69,"column":13}},"33":{"start":{"line":72,"column":4},"end":{"line":74,"column":7}},"34":{"start":{"line":73,"column":6},"end":{"line":73,"column":33}},"35":{"start":{"line":79,"column":16},"end":{"line":79,"column":20}},"36":{"start":{"line":80,"column":4},"end":{"line":83,"column":5}},"37":{"start":{"line":81,"column":6},"end":{"line":81,"column":81}},"38":{"start":{"line":82,"column":6},"end":{"line":82,"column":13}},"39":{"start":{"line":85,"column":4},"end":{"line":87,"column":7}},"40":{"start":{"line":86,"column":6},"end":{"line":86,"column":33}},"41":{"start":{"line":92,"column":16},"end":{"line":92,"column":20}},"42":{"start":{"line":93,"column":4},"end":{"line":96,"column":5}},"43":{"start":{"line":94,"column":6},"end":{"line":94,"column":81}},"44":{"start":{"line":95,"column":6},"end":{"line":95,"column":13}},"45":{"start":{"line":98,"column":20},"end":{"line":98,"column":42}},"46":{"start":{"line":99,"column":4},"end":{"line":99,"column":40}},"47":{"start":{"line":104,"column":16},"end":{"line":104,"column":20}},"48":{"start":{"line":105,"column":4},"end":{"line":108,"column":5}},"49":{"start":{"line":106,"column":6},"end":{"line":106,"column":81}},"50":{"start":{"line":107,"column":6},"end":{"line":107,"column":13}},"51":{"start":{"line":110,"column":22},"end":{"line":110,"column":24}},"52":{"start":{"line":111,"column":4},"end":{"line":113,"column":7}},"53":{"start":{"line":112,"column":6},"end":{"line":112,"column":28}},"54":{"start":{"line":114,"column":4},"end":{"line":114,"column":21}},"55":{"start":{"line":119,"column":16},"end":{"line":119,"column":20}},"56":{"start":{"line":120,"column":4},"end":{"line":123,"column":5}},"57":{"start":{"line":121,"column":6},"end":{"line":121,"column":81}},"58":{"start":{"line":122,"column":6},"end":{"line":122,"column":13}},"59":{"start":{"line":125,"column":4},"end":{"line":125,"column":40}},"60":{"start":{"line":130,"column":16},"end":{"line":130,"column":20}},"61":{"start":{"line":131,"column":4},"end":{"line":134,"column":5}},"62":{"start":{"line":132,"column":6},"end":{"line":132,"column":81}},"63":{"start":{"line":133,"column":6},"end":{"line":133,"column":13}},"64":{"start":{"line":136,"column":25},"end":{"line":136,"column":69}},"65":{"start":{"line":137,"column":4},"end":{"line":137,"column":29}},"66":{"start":{"line":142,"column":16},"end":{"line":142,"column":20}},"67":{"start":{"line":143,"column":4},"end":{"line":146,"column":5}},"68":{"start":{"line":144,"column":6},"end":{"line":144,"column":81}},"69":{"start":{"line":145,"column":6},"end":{"line":145,"column":13}},"70":{"start":{"line":148,"column":4},"end":{"line":148,"column":40}},"71":{"start":{"line":151,"column":0},"end":{"line":151,"column":24}}},"fnMap":{"0":{"name":"(anonymous_0)","decl":{"start":{"line":3,"column":2},"end":{"line":3,"column":3}},"loc":{"start":{"line":3,"column":27},"end":{"line":8,"column":3}},"line":3},"1":{"name":"(anonymous_1)","decl":{"start":{"line":11,"column":2},"end":{"line":11,"column":3}},"loc":{"start":{"line":11,"column":23},"end":{"line":26,"column":3}},"line":11},"2":{"name":"(anonymous_2)","decl":{"start":{"line":25,"column":36},"end":{"line":25,"column":37}},"loc":{"start":{"line":25,"column":45},"end":{"line":25,"column":88}},"line":25},"3":{"name":"(anonymous_3)","decl":{"start":{"line":29,"column":2},"end":{"line":29,"column":3}},"loc":{"start":{"line":29,"column":45},"end":{"line":42,"column":3}},"line":29},"4":{"name":"(anonymous_4)","decl":{"start":{"line":45,"column":2},"end":{"line":45,"column":3}},"loc":{"start":{"line":45,"column":22},"end":{"line":62,"column":3}},"line":45},"5":{"name":"(anonymous_5)","decl":{"start":{"line":55,"column":19},"end":{"line":55,"column":20}},"loc":{"start":{"line":55,"column":28},"end":{"line":59,"column":5}},"line":55},"6":{"name":"(anonymous_6)","decl":{"start":{"line":65,"column":2},"end":{"line":65,"column":3}},"loc":{"start":{"line":65,"column":31},"end":{"line":75,"column":3}},"line":65},"7":{"name":"(anonymous_7)","decl":{"start":{"line":72,"column":36},"end":{"line":72,"column":37}},"loc":{"start":{"line":72,"column":47},"end":{"line":74,"column":5}},"line":72},"8":{"name":"(anonymous_8)","decl":{"start":{"line":78,"column":2},"end":{"line":78,"column":3}},"loc":{"start":{"line":78,"column":31},"end":{"line":88,"column":3}},"line":78},"9":{"name":"(anonymous_9)","decl":{"start":{"line":85,"column":36},"end":{"line":85,"column":37}},"loc":{"start":{"line":85,"column":47},"end":{"line":87,"column":5}},"line":85},"10":{"name":"(anonymous_10)","decl":{"start":{"line":91,"column":2},"end":{"line":91,"column":3}},"loc":{"start":{"line":91,"column":21},"end":{"line":100,"column":3}},"line":91},"11":{"name":"(anonymous_11)","decl":{"start":{"line":103,"column":2},"end":{"line":103,"column":3}},"loc":{"start":{"line":103,"column":28},"end":{"line":115,"column":3}},"line":103},"12":{"name":"(anonymous_12)","decl":{"start":{"line":111,"column":29},"end":{"line":111,"column":30}},"loc":{"start":{"line":111,"column":47},"end":{"line":113,"column":5}},"line":111},"13":{"name":"(anonymous_13)","decl":{"start":{"line":118,"column":2},"end":{"line":118,"column":3}},"loc":{"start":{"line":118,"column":34},"end":{"line":126,"column":3}},"line":118},"14":{"name":"(anonymous_14)","decl":{"start":{"line":129,"column":2},"end":{"line":129,"column":3}},"loc":{"start":{"line":129,"column":30},"end":{"line":138,"column":3}},"line":129},"15":{"name":"(anonymous_15)","decl":{"start":{"line":141,"column":2},"end":{"line":141,"column":3}},"loc":{"start":{"line":141,"column":33},"end":{"line":149,"column":3}},"line":141}},"branchMap":{"0":{"loc":{"start":{"line":4,"column":4},"end":{"line":6,"column":5}},"type":"if","locations":[{"start":{"line":4,"column":4},"end":{"line":6,"column":5}},{"start":{},"end":{}}],"line":4},"1":{"loc":{"start":{"line":13,"column":4},"end":{"line":16,"column":5}},"type":"if","locations":[{"start":{"line":13,"column":4},"end":{"line":16,"column":5}},{"start":{},"end":{}}],"line":13},"2":{"loc":{"start":{"line":25,"column":45},"end":{"line":25,"column":88}},"type":"binary-expr","locations":[{"start":{"line":25,"column":45},"end":{"line":25,"column":79}},{"start":{"line":25,"column":83},"end":{"line":25,"column":88}}],"line":25},"3":{"loc":{"start":{"line":31,"column":4},"end":{"line":41,"column":5}},"type":"if","locations":[{"start":{"line":31,"column":4},"end":{"line":41,"column":5}},{"start":{"line":35,"column":9},"end":{"line":41,"column":5}}],"line":31},"4":{"loc":{"start":{"line":35,"column":9},"end":{"line":41,"column":5}},"type":"if","locations":[{"start":{"line":35,"column":9},"end":{"line":41,"column":5}},{"start":{"line":39,"column":9},"end":{"line":41,"column":5}}],"line":35},"5":{"loc":{"start":{"line":35,"column":13},"end":{"line":35,"column":68}},"type":"binary-expr","locations":[{"start":{"line":35,"column":13},"end":{"line":35,"column":42}},{"start":{"line":35,"column":46},"end":{"line":35,"column":68}}],"line":35},"6":{"loc":{"start":{"line":47,"column":4},"end":{"line":50,"column":5}},"type":"if","locations":[{"start":{"line":47,"column":4},"end":{"line":50,"column":5}},{"start":{},"end":{}}],"line":47},"7":{"loc":{"start":{"line":58,"column":27},"end":{"line":58,"column":55}},"type":"cond-expr","locations":[{"start":{"line":58,"column":37},"end":{"line":58,"column":51}},{"start":{"line":58,"column":54},"end":{"line":58,"column":55}}],"line":58},"8":{"loc":{"start":{"line":67,"column":4},"end":{"line":70,"column":5}},"type":"if","locations":[{"start":{"line":67,"column":4},"end":{"line":70,"column":5}},{"start":{},"end":{}}],"line":67},"9":{"loc":{"start":{"line":80,"column":4},"end":{"line":83,"column":5}},"type":"if","locations":[{"start":{"line":80,"column":4},"end":{"line":83,"column":5}},{"start":{},"end":{}}],"line":80},"10":{"loc":{"start":{"line":93,"column":4},"end":{"line":96,"column":5}},"type":"if","locations":[{"start":{"line":93,"column":4},"end":{"line":96,"column":5}},{"start":{},"end":{}}],"line":93},"11":{"loc":{"start":{"line":99,"column":11},"end":{"line":99,"column":39}},"type":"cond-expr","locations":[{"start":{"line":99,"column":21},"end":{"line":99,"column":35}},{"start":{"line":99,"column":38},"end":{"line":99,"column":39}}],"line":99},"12":{"loc":{"start":{"line":105,"column":4},"end":{"line":108,"column":5}},"type":"if","locations":[{"start":{"line":105,"column":4},"end":{"line":108,"column":5}},{"start":{},"end":{}}],"line":105},"13":{"loc":{"start":{"line":120,"column":4},"end":{"line":123,"column":5}},"type":"if","locations":[{"start":{"line":120,"column":4},"end":{"line":123,"column":5}},{"start":{},"end":{}}],"line":120},"14":{"loc":{"start":{"line":125,"column":11},"end":{"line":125,"column":39}},"type":"binary-expr","locations":[{"start":{"line":125,"column":11},"end":{"line":125,"column":33}},{"start":{"line":125,"column":37},"end":{"line":125,"column":39}}],"line":125},"15":{"loc":{"start":{"line":131,"column":4},"end":{"line":134,"column":5}},"type":"if","locations":[{"start":{"line":131,"column":4},"end":{"line":134,"column":5}},{"start":{},"end":{}}],"line":131},"16":{"loc":{"start":{"line":143,"column":4},"end":{"line":146,"column":5}},"type":"if","locations":[{"start":{"line":143,"column":4},"end":{"line":146,"column":5}},{"start":{},"end":{}}],"line":143}},"s":{"0":64,"1":10,"2":54,"3":11,"4":11,"5":2,"6":0,"7":9,"8":9,"9":19,"10":5,"11":5,"12":0,"13":0,"14":5,"15":1,"16":0,"17":4,"18":5,"19":5,"20":1,"21":0,"22":4,"23":4,"24":4,"25":20,"26":20,"27":20,"28":4,"29":5,"30":5,"31":1,"32":0,"33":4,"34":13,"35":5,"36":5,"37":1,"38":0,"39":4,"40":13,"41":7,"42":7,"43":1,"44":0,"45":6,"46":6,"47":7,"48":7,"49":1,"50":0,"51":6,"52":6,"53":18,"54":6,"55":8,"56":8,"57":1,"58":0,"59":7,"60":6,"61":6,"62":1,"63":0,"64":5,"65":5,"66":5,"67":5,"68":1,"69":0,"70":4,"71":11},"f":{"0":64,"1":11,"2":19,"3":5,"4":5,"5":20,"6":5,"7":13,"8":5,"9":13,"10":7,"11":7,"12":18,"13":8,"14":6,"15":5},"b":{"0":[10,54],"1":[2,9],"2":[19,0],"3":[0,5],"4":[1,4],"5":[5,5],"6":[1,4],"7":[6,14],"8":[1,4],"9":[1,4],"10":[1,6],"11":[4,2],"12":[1,6],"13":[1,7],"14":[7,2],"15":[1,5],"16":[1,4]},"_coverageSchema":"1a1c01bbd47fc00a2c39e90264f33305004495a9","hash":"f9df11434214ae4794c30020632337c6c1287bef"}
}
