TN:
SF:src/index.js
FN:3,(anonymous_0)
FN:11,(anonymous_1)
FN:25,(anonymous_2)
FN:29,(anonymous_3)
FN:45,(anonymous_4)
FN:55,(anonymous_5)
FN:65,(anonymous_6)
FN:72,(anonymous_7)
FN:78,(anonymous_8)
FN:85,(anonymous_9)
FN:91,(anonymous_10)
FN:103,(anonymous_11)
FN:111,(anonymous_12)
FN:118,(anonymous_13)
FN:129,(anonymous_14)
FN:141,(anonymous_15)
FNF:16
FNH:16
FNDA:64,(anonymous_0)
FNDA:11,(anonymous_1)
FNDA:19,(anonymous_2)
FNDA:5,(anonymous_3)
FNDA:5,(anonymous_4)
FNDA:20,(anonymous_5)
FNDA:5,(anonymous_6)
FNDA:13,(anonymous_7)
FNDA:5,(anonymous_8)
FNDA:13,(anonymous_9)
FNDA:7,(anonymous_10)
FNDA:7,(anonymous_11)
FNDA:18,(anonymous_12)
FNDA:8,(anonymous_13)
FNDA:6,(anonymous_14)
FNDA:5,(anonymous_15)
DA:4,64
DA:5,10
DA:7,54
DA:12,11
DA:13,11
DA:14,2
DA:15,0
DA:18,9
DA:25,19
DA:30,5
DA:31,5
DA:32,0
DA:33,0
DA:35,5
DA:36,1
DA:37,0
DA:40,4
DA:46,5
DA:47,5
DA:48,1
DA:49,0
DA:52,4
DA:53,4
DA:55,4
DA:56,20
DA:57,20
DA:58,20
DA:61,4
DA:66,5
DA:67,5
DA:68,1
DA:69,0
DA:72,4
DA:73,13
DA:79,5
DA:80,5
DA:81,1
DA:82,0
DA:85,4
DA:86,13
DA:92,7
DA:93,7
DA:94,1
DA:95,0
DA:98,6
DA:99,6
DA:104,7
DA:105,7
DA:106,1
DA:107,0
DA:110,6
DA:111,6
DA:112,18
DA:114,6
DA:119,8
DA:120,8
DA:121,1
DA:122,0
DA:125,7
DA:130,6
DA:131,6
DA:132,1
DA:133,0
DA:136,5
DA:137,5
DA:142,5
DA:143,5
DA:144,1
DA:145,0
DA:148,4
DA:151,11
LF:71
LH:59
BRDA:4,0,0,10
BRDA:4,0,1,54
BRDA:13,1,0,2
BRDA:13,1,1,9
BRDA:25,2,0,19
BRDA:25,2,1,0
BRDA:31,3,0,0
BRDA:31,3,1,5
BRDA:35,4,0,1
BRDA:35,4,1,4
BRDA:35,5,0,5
BRDA:35,5,1,5
BRDA:47,6,0,1
BRDA:47,6,1,4
BRDA:58,7,0,6
BRDA:58,7,1,14
BRDA:67,8,0,1
BRDA:67,8,1,4
BRDA:80,9,0,1
BRDA:80,9,1,4
BRDA:93,10,0,1
BRDA:93,10,1,6
BRDA:99,11,0,4
BRDA:99,11,1,2
BRDA:105,12,0,1
BRDA:105,12,1,6
BRDA:120,13,0,1
BRDA:120,13,1,7
BRDA:125,14,0,7
BRDA:125,14,1,2
BRDA:131,15,0,1
BRDA:131,15,1,5
BRDA:143,16,0,1
BRDA:143,16,1,4
BRF:34
BRH:32
end_of_record
